<?xml version="1.0" encoding="UTF-8"?>
<!-- Generated by org.testng.reporters.JUnitReportReporter -->
<testsuite hostname="DESKTOP-E3UIUEQ" name="tests.BaseClass" tests="1" failures="0" timestamp="30 Mar 2020 06:54:50 GMT" time="10.298" errors="0">
  <testcase name="sampleTest" time="10.298" classname="tests.BaseClass"/>
</testsuite> <!-- tests.BaseClass -->
